2025-03-30 02:53:14,527 - INFO - 接收到的视频标题: 压抑了
2025-03-30 02:53:14,527 - INFO - 接收到的封面评论: 图中无标题文字。画面构图以人物特写为主，人物位于画面中央，占据主要视觉焦点。色彩风格柔和，以淡雅的色调为主，背景模糊突出人物主体。吸睛元素为人物的大眼睛和柔和的表情，整体感觉可爱、温馨且略带神秘感。
2025-03-30 02:53:14,527 - INFO - 接收到的视频文案: 喂喂喂喂喂喂喂喂喂喂喂喂
2025-03-30 02:53:15,934 - INFO - 趋势分析结果: trending=0.65, emotion=0.85, visual=0.90, creativity=0.70
2025-03-30 02:53:15,935 - INFO - 返回前端数据: {'step': '视频封面分析', 'message': '✅ 视频封面分析成功', 'trending_analysis': {'trending': '0.65', 'emotion': '0.85', 'visual': '0.90', 'creativity': '0.70'}, 'script_content': '喂喂喂喂喂喂喂喂喂喂喂喂'}
2025-03-30 03:14:25,510 - INFO - 接收到的视频标题: 压抑了
2025-03-30 03:14:25,511 - INFO - 接收到的封面评论: 图中无标题文字。画面构图以人物特写为主，人物位于画面中央，占据主要视觉焦点。色彩风格柔和，以淡雅的色调为主，背景模糊突出人物主体。吸睛元素为人物的大眼睛和柔和的表情，整体感觉可爱、温馨且略带神秘感。
2025-03-30 03:14:25,511 - INFO - 接收到的视频文案: 喂喂喂喂喂喂喂喂喂喂喂喂
2025-03-30 03:14:26,515 - INFO - 趋势分析结果: trending=0.75, emotion=0.85, visual=0.90, creativity=0.80
2025-03-30 03:14:26,516 - INFO - 返回前端数据: {'step': '视频封面分析', 'message': '✅ 视频封面分析成功', 'trending_analysis': {'trending': '0.75', 'emotion': '0.85', 'visual': '0.90', 'creativity': '0.80'}, 'script_content': '喂喂喂喂喂喂喂喂喂喂喂喂'}
2025-03-30 03:15:04,091 - INFO - 接收到的视频标题: 压抑了
2025-03-30 03:15:04,092 - INFO - 接收到的封面评论: 图中无标题文字。画面构图以人物特写为主，人物位于画面中央，占据主要视觉焦点。色彩风格柔和，以淡雅的色调为主，背景模糊突出人物主体。吸睛元素为人物的大眼睛和柔和的表情，整体感觉可爱、温馨且略带神秘感。
2025-03-30 03:15:04,092 - INFO - 接收到的视频文案: 喂喂喂喂喂喂喂喂喂喂喂喂
2025-03-30 03:15:06,705 - INFO - 趋势分析结果: trending=0.72, emotion=0.85, visual=0.91, creativity=0.78
2025-03-30 03:15:06,705 - INFO - 返回前端数据: {'step': '封面分析', 'message': '✅ 封面分析成功', 'trending_analysis': {'trending': '0.72', 'emotion': '0.85', 'visual': '0.91', 'creativity': '0.78'}, 'script_content': '喂喂喂喂喂喂喂喂喂喂喂喂'}
2025-03-30 03:30:20,182 - INFO - 接收到的视频标题: 压抑了
2025-03-30 03:30:20,183 - INFO - 接收到的封面评论: 图中无标题文字。画面构图以人物特写为主，人物位于画面中央，占据主要视觉焦点。色彩风格柔和，以淡雅的色调为主，背景模糊突出人物主体。吸睛元素为人物的大眼睛和柔和的表情，整体感觉可爱、温馨且略带神秘感。
2025-03-30 03:30:20,183 - INFO - 接收到的视频文案: 喂喂喂喂喂喂喂喂喂喂喂喂
2025-03-30 03:30:21,498 - INFO - 趋势分析结果: trending=0.65, emotion=0.82, visual=0.89, creativity=0.72
2025-03-30 03:30:21,499 - INFO - 返回前端数据: {'step': '封面分析', 'message': '✅ 封面分析成功', 'trending_analysis': {'trending': '0.65', 'emotion': '0.82', 'visual': '0.89', 'creativity': '0.72'}, 'script_content': '喂喂喂喂喂喂喂喂喂喂喂喂'}
2025-03-30 03:30:21,507 - INFO - 接收到的参数: video_title=压抑了, cover_comment=图中无标题文字。画面构图以人物特写为主，人物位于画面中央，占据主要视觉焦点。色彩风格柔和，以淡雅的色调为主，背景模糊突出人物主体。吸睛元素为人物的大眼睛和柔和的表情，整体感觉可爱、温馨且略带神秘感。, category=搞笑, follower_count=90455, p_rating=100.29284244074098, duration=6, trending=0.65, emotion=0.82, visual=0.89, creativity=0.72
2025-03-30 03:30:21,536 - INFO - 返回前端数据: {'step': '模型评估', 'message': '✅ 模型评估成功', 'predicted_play_count': 4413.81591796875, 'raw_regression': 8.297433853149414, 'post_processed': 4413.81591796875}
2025-03-30 03:34:04,573 - INFO - 接收到的视频标题: 压抑了
2025-03-30 03:34:04,574 - INFO - 接收到的封面评论: 图中无标题文字。画面构图以人物特写为主，人物位于画面中央，占据主要视觉焦点。色彩风格柔和，以淡雅的色调为主，背景模糊突出人物主体。吸睛元素为人物的大眼睛和柔和的表情，整体感觉可爱、温馨且略带神秘感。
2025-03-30 03:34:04,574 - INFO - 接收到的视频文案: 喂喂喂喂喂喂喂喂喂喂喂喂
2025-03-30 03:34:07,079 - INFO - 趋势分析结果: trending=0.75, emotion=0.85, visual=0.90, creativity=0.80
2025-03-30 03:34:07,080 - INFO - 返回前端数据: {'step': '封面分析', 'message': '✅ 封面分析成功', 'trending_analysis': {'trending': '0.75', 'emotion': '0.85', 'visual': '0.90', 'creativity': '0.80'}, 'script_content': '喂喂喂喂喂喂喂喂喂喂喂喂'}
2025-03-30 03:34:07,085 - INFO - 接收到的参数: video_title=压抑了, cover_comment=图中无标题文字。画面构图以人物特写为主，人物位于画面中央，占据主要视觉焦点。色彩风格柔和，以淡雅的色调为主，背景模糊突出人物主体。吸睛元素为人物的大眼睛和柔和的表情，整体感觉可爱、温馨且略带神秘感。, category=搞笑, follower_count=90455, p_rating=100.29284244074098, duration=6, trending=0.75, emotion=0.85, visual=0.9, creativity=0.8
2025-03-30 03:34:07,132 - INFO - 返回前端数据: {'step': '模型评估', 'message': '✅ 模型评估成功', 'predicted_play_count': 4297.6943359375, 'raw_regression': 8.270779609680176, 'post_processed': 4297.6943359375}
2025-03-30 03:34:47,912 - INFO - 接收到的视频标题: 压抑了
2025-03-30 03:34:47,913 - INFO - 接收到的封面评论: 图中有标题文字，内容为“苏联集体化进程”，字体为白色，粗体，较大，醒目突出。左上角有较小的“上”字，可能是系列视频的序号。

构图上，左侧为红场建筑剪影，右侧为一位身穿军装的人物形象。色彩风格以红色为主，象征苏联时期的标志性颜色，庄重且具有历史感。吸睛元素包括人物形象和红色建筑剪影。整体感觉正式、历史感强烈且具有教育性质。
2025-03-30 03:34:47,913 - INFO - 接收到的视频文案: 喂喂喂喂喂喂喂喂喂喂喂喂
2025-03-30 03:34:49,448 - INFO - 趋势分析结果: trending=0.75, emotion=0.68, visual=0.89, creativity=0.72
2025-03-30 03:34:49,448 - INFO - 返回前端数据: {'step': '封面分析', 'message': '✅ 封面分析成功', 'trending_analysis': {'trending': '0.75', 'emotion': '0.68', 'visual': '0.89', 'creativity': '0.72'}, 'script_content': '喂喂喂喂喂喂喂喂喂喂喂喂'}
2025-03-30 03:34:49,460 - INFO - 接收到的参数: video_title=压抑了, cover_comment=图中有标题文字，内容为“苏联集体化进程”，字体为白色，粗体，较大，醒目突出。左上角有较小的“上”字，可能是系列视频的序号。

构图上，左侧为红场建筑剪影，右侧为一位身穿军装的人物形象。色彩风格以红色为主，象征苏联时期的标志性颜色，庄重且具有历史感。吸睛元素包括人物形象和红色建筑剪影。整体感觉正式、历史感强烈且具有教育性质。, category=搞笑, follower_count=90455, p_rating=100.29284244074098, duration=6, trending=0.75, emotion=0.68, visual=0.89, creativity=0.72
2025-03-30 03:34:49,494 - INFO - 返回前端数据: {'step': '模型评估', 'message': '✅ 模型评估成功', 'predicted_play_count': 3865.3046875, 'raw_regression': 8.164770126342773, 'post_processed': 3865.3046875}
2025-03-30 03:44:52,571 - INFO - 接收到的视频标题: 压抑了
2025-03-30 03:44:52,572 - INFO - 接收到的封面评论: 图中有标题文字，内容为“苏联集体化进程”，字体为白色，粗体，较大，醒目突出。左上角有较小的“上”字，可能是系列视频的序号。

构图上，左侧为红场建筑剪影，右侧为一位身穿军装的人物形象。色彩风格以红色为主，象征苏联时期的标志性颜色，庄重且具有历史感。吸睛元素包括人物形象和红色建筑剪影。整体感觉正式、历史感强烈且具有教育性质。
2025-03-30 03:44:52,573 - INFO - 接收到的视频文案: 喂喂喂喂喂喂喂喂喂喂喂喂
2025-03-30 03:44:57,600 - INFO - 趋势分析结果: trending=0.00, emotion=0.00, visual=0.00, creativity=0.00
2025-03-30 03:44:57,600 - INFO - 返回前端数据: {'step': '封面分析', 'message': '✅ 封面分析成功', 'trending_analysis': {'trending': '0.00', 'emotion': '0.00', 'visual': '0.00', 'creativity': '0.00'}, 'script_content': '喂喂喂喂喂喂喂喂喂喂喂喂'}
2025-03-30 03:44:57,610 - INFO - 接收到的参数: video_title=压抑了, cover_comment=图中有标题文字，内容为“苏联集体化进程”，字体为白色，粗体，较大，醒目突出。左上角有较小的“上”字，可能是系列视频的序号。

构图上，左侧为红场建筑剪影，右侧为一位身穿军装的人物形象。色彩风格以红色为主，象征苏联时期的标志性颜色，庄重且具有历史感。吸睛元素包括人物形象和红色建筑剪影。整体感觉正式、历史感强烈且具有教育性质。, category=搞笑, follower_count=90455, p_rating=100.29284244074098, duration=6, trending=0.0, emotion=0.0, visual=0.0, creativity=0.0
2025-03-30 03:44:57,649 - INFO - 返回前端数据: {'step': '模型评估', 'message': '✅ 模型评估成功', 'predicted_play_count': 2255.543701171875, 'raw_regression': 7.626323699951172, 'post_processed': 2255.543701171875}
2025-03-30 03:49:13,164 - INFO - 接收到的视频标题: 压抑了
2025-03-30 03:49:13,164 - INFO - 接收到的封面评论: 图中有标题文字，内容为“苏联集体化进程”，字体为白色，粗体，较大，醒目突出。左上角有较小的“上”字，可能是系列视频的序号。

构图上，左侧为红场建筑剪影，右侧为一位身穿军装的人物形象。色彩风格以红色为主，象征苏联时期的标志性颜色，庄重且具有历史感。吸睛元素包括人物形象和红色建筑剪影。整体感觉正式、历史感强烈且具有教育性质。
2025-03-30 03:49:13,164 - INFO - 接收到的视频文案: 喂喂喂喂喂喂喂喂喂喂喂喂
2025-03-30 03:49:14,337 - INFO - 趋势分析结果: trending=0.75, emotion=0.68, visual=0.89, creativity=0.72
2025-03-30 03:49:14,338 - INFO - 返回前端数据: {'step': '封面分析', 'message': '✅ 封面分析成功', 'trending_analysis': {'trending': '0.75', 'emotion': '0.68', 'visual': '0.89', 'creativity': '0.72'}, 'script_content': '喂喂喂喂喂喂喂喂喂喂喂喂'}
2025-03-30 03:49:14,345 - INFO - 接收到的参数: video_title=压抑了, cover_comment=图中有标题文字，内容为“苏联集体化进程”，字体为白色，粗体，较大，醒目突出。左上角有较小的“上”字，可能是系列视频的序号。

构图上，左侧为红场建筑剪影，右侧为一位身穿军装的人物形象。色彩风格以红色为主，象征苏联时期的标志性颜色，庄重且具有历史感。吸睛元素包括人物形象和红色建筑剪影。整体感觉正式、历史感强烈且具有教育性质。, category=搞笑, follower_count=90455, p_rating=100.29284244074098, duration=6, trending=0.75, emotion=0.68, visual=0.89, creativity=0.72
2025-03-30 03:49:14,398 - INFO - 返回前端数据: {'step': '模型评估', 'message': '✅ 模型评估成功', 'predicted_play_count': 3865.3046875, 'raw_regression': 8.164770126342773, 'post_processed': 3865.3046875}
2025-03-30 03:49:37,394 - INFO - 接收到的视频标题: 压抑了
2025-03-30 03:49:37,395 - INFO - 接收到的封面评论: 图中有标题文字，内容为“苏联集体化进程”，字体为白色，粗体，较大，醒目突出。左上角有较小的“上”字，可能是系列视频的序号。

构图上，左侧为红场建筑剪影，右侧为一位身穿军装的人物形象。色彩风格以红色为主，象征苏联时期的标志性颜色，庄重且具有历史感。吸睛元素包括人物形象和红色建筑剪影。整体感觉正式、历史感强烈且具有教育性质。
2025-03-30 03:49:37,395 - INFO - 接收到的视频文案: 喂喂喂喂喂喂喂喂喂喂喂喂
2025-03-30 03:49:38,706 - INFO - 趋势分析结果: trending=0.75, emotion=0.68, visual=0.85, creativity=0.72
2025-03-30 03:49:38,707 - INFO - 返回前端数据: {'step': '封面分析', 'message': '✅ 封面分析成功', 'trending_analysis': {'trending': '0.75', 'emotion': '0.68', 'visual': '0.85', 'creativity': '0.72'}, 'script_content': '喂喂喂喂喂喂喂喂喂喂喂喂'}
2025-03-30 03:49:38,714 - INFO - 接收到的参数: video_title=压抑了, cover_comment=图中有标题文字，内容为“苏联集体化进程”，字体为白色，粗体，较大，醒目突出。左上角有较小的“上”字，可能是系列视频的序号。

构图上，左侧为红场建筑剪影，右侧为一位身穿军装的人物形象。色彩风格以红色为主，象征苏联时期的标志性颜色，庄重且具有历史感。吸睛元素包括人物形象和红色建筑剪影。整体感觉正式、历史感强烈且具有教育性质。, category=搞笑, follower_count=90455, p_rating=10161616.090909092, duration=6, trending=0.75, emotion=0.68, visual=0.85, creativity=0.72
2025-03-30 03:49:38,746 - INFO - 返回前端数据: {'step': '模型评估', 'message': '✅ 模型评估成功', 'predicted_play_count': 18833826.0, 'raw_regression': 52.030513763427734, 'post_processed': 18833826.0}
2025-03-30 03:50:29,732 - INFO - 接收到的视频标题: 压抑了
2025-03-30 03:50:29,733 - INFO - 接收到的封面评论: 图中有标题文字，内容为“苏联集体化进程”，字体为白色，粗体，较大，醒目突出。左上角有较小的“上”字，可能是系列视频的序号。

构图上，左侧为红场建筑剪影，右侧为一位身穿军装的人物形象。色彩风格以红色为主，象征苏联时期的标志性颜色，庄重且具有历史感。吸睛元素包括人物形象和红色建筑剪影。整体感觉正式、历史感强烈且具有教育性质。
2025-03-30 03:50:29,733 - INFO - 接收到的视频文案: 喂喂喂喂喂喂喂喂喂喂喂喂
2025-03-30 03:50:32,326 - INFO - 趋势分析结果: trending=0.75, emotion=0.68, visual=0.89, creativity=0.72
2025-03-30 03:50:32,327 - INFO - 返回前端数据: {'step': '封面分析', 'message': '✅ 封面分析成功', 'trending_analysis': {'trending': '0.75', 'emotion': '0.68', 'visual': '0.89', 'creativity': '0.72'}, 'script_content': '喂喂喂喂喂喂喂喂喂喂喂喂'}
2025-03-30 03:50:32,334 - INFO - 接收到的参数: video_title=压抑了, cover_comment=图中有标题文字，内容为“苏联集体化进程”，字体为白色，粗体，较大，醒目突出。左上角有较小的“上”字，可能是系列视频的序号。

构图上，左侧为红场建筑剪影，右侧为一位身穿军装的人物形象。色彩风格以红色为主，象征苏联时期的标志性颜色，庄重且具有历史感。吸睛元素包括人物形象和红色建筑剪影。整体感觉正式、历史感强烈且具有教育性质。, category=知识, follower_count=90455, p_rating=10161616.090909092, duration=6, trending=0.75, emotion=0.68, visual=0.89, creativity=0.72
2025-03-30 03:50:32,367 - INFO - 返回前端数据: {'step': '模型评估', 'message': '✅ 模型评估成功', 'predicted_play_count': 18833826.0, 'raw_regression': 51.795860290527344, 'post_processed': 18833826.0}
2025-03-30 03:51:37,418 - INFO - 接收到的视频标题: 陈睿是我妈?
2025-03-30 03:51:37,419 - INFO - 接收到的封面评论: 图中有标题文字，内容为“苏联集体化进程”，字体为白色，粗体，较大，醒目突出。左上角有较小的“上”字，可能是系列视频的序号。

构图上，左侧为红场建筑剪影，右侧为一位身穿军装的人物形象。色彩风格以红色为主，象征苏联时期的标志性颜色，庄重且具有历史感。吸睛元素包括人物形象和红色建筑剪影。整体感觉正式、历史感强烈且具有教育性质。
2025-03-30 03:51:37,419 - INFO - 接收到的视频文案: 喂喂喂喂喂喂喂喂喂喂喂喂
2025-03-30 03:51:38,468 - INFO - 趋势分析结果: trending=0.75, emotion=0.65, visual=0.85, creativity=0.70
2025-03-30 03:51:38,468 - INFO - 返回前端数据: {'step': '封面分析', 'message': '✅ 封面分析成功', 'trending_analysis': {'trending': '0.75', 'emotion': '0.65', 'visual': '0.85', 'creativity': '0.70'}, 'script_content': '喂喂喂喂喂喂喂喂喂喂喂喂'}
2025-03-30 03:51:38,475 - INFO - 接收到的参数: video_title=陈睿是我妈?, cover_comment=图中有标题文字，内容为“苏联集体化进程”，字体为白色，粗体，较大，醒目突出。左上角有较小的“上”字，可能是系列视频的序号。

构图上，左侧为红场建筑剪影，右侧为一位身穿军装的人物形象。色彩风格以红色为主，象征苏联时期的标志性颜色，庄重且具有历史感。吸睛元素包括人物形象和红色建筑剪影。整体感觉正式、历史感强烈且具有教育性质。, category=知识, follower_count=90455, p_rating=10161616.090909092, duration=6, trending=0.75, emotion=0.65, visual=0.85, creativity=0.7
2025-03-30 03:51:38,526 - INFO - 返回前端数据: {'step': '模型评估', 'message': '✅ 模型评估成功', 'predicted_play_count': 18833826.0, 'raw_regression': 50.299015045166016, 'post_processed': 18833826.0}
2025-03-30 03:52:37,309 - INFO - 接收到的视频标题: 陈睿是我妈?
2025-03-30 03:52:37,310 - INFO - 接收到的封面评论: 图中有标题文字，内容为“苏联集体化进程”，字体为白色，粗体，较大，醒目突出。左上角有较小的“上”字，可能是系列视频的序号。

构图上，左侧为红场建筑剪影，右侧为一位身穿军装的人物形象。色彩风格以红色为主，象征苏联时期的标志性颜色，庄重且具有历史感。吸睛元素包括人物形象和红色建筑剪影。整体感觉正式、历史感强烈且具有教育性质。
2025-03-30 03:52:37,310 - INFO - 接收到的视频文案: 喂喂喂喂喂喂喂喂喂喂喂喂
2025-03-30 03:52:38,336 - INFO - 趋势分析结果: trending=0.75, emotion=0.65, visual=0.85, creativity=0.70
2025-03-30 03:52:38,337 - INFO - 返回前端数据: {'step': '封面分析', 'message': '✅ 封面分析成功', 'trending_analysis': {'trending': '0.75', 'emotion': '0.65', 'visual': '0.85', 'creativity': '0.70'}, 'script_content': '喂喂喂喂喂喂喂喂喂喂喂喂'}
2025-03-30 03:52:38,345 - INFO - 接收到的参数: video_title=陈睿是我妈?, cover_comment=图中有标题文字，内容为“苏联集体化进程”，字体为白色，粗体，较大，醒目突出。左上角有较小的“上”字，可能是系列视频的序号。

构图上，左侧为红场建筑剪影，右侧为一位身穿军装的人物形象。色彩风格以红色为主，象征苏联时期的标志性颜色，庄重且具有历史感。吸睛元素包括人物形象和红色建筑剪影。整体感觉正式、历史感强烈且具有教育性质。, category=知识, follower_count=90455, p_rating=104100.63636363637, duration=6, trending=0.75, emotion=0.65, visual=0.85, creativity=0.7
2025-03-30 03:52:38,396 - INFO - 返回前端数据: {'step': '模型评估', 'message': '✅ 模型评估成功', 'predicted_play_count': 64528.85546875, 'raw_regression': 10.89256477355957, 'post_processed': 64528.85546875}
2025-03-30 03:53:16,356 - INFO - 接收到的视频标题: 陈睿是我儿子
2025-03-30 03:53:16,357 - INFO - 接收到的封面评论: 图中有标题文字，内容为“苏联集体化进程”，字体为白色，粗体，较大，醒目突出。左上角有较小的“上”字，可能是系列视频的序号。

构图上，左侧为红场建筑剪影，右侧为一位身穿军装的人物形象。色彩风格以红色为主，象征苏联时期的标志性颜色，庄重且具有历史感。吸睛元素包括人物形象和红色建筑剪影。整体感觉正式、历史感强烈且具有教育性质。
2025-03-30 03:53:16,357 - INFO - 接收到的视频文案: 喂喂喂喂喂喂喂喂喂喂喂喂
2025-03-30 03:53:17,616 - INFO - 趋势分析结果: trending=0.75, emotion=0.65, visual=0.85, creativity=0.70
2025-03-30 03:53:17,616 - INFO - 返回前端数据: {'step': '封面分析', 'message': '✅ 封面分析成功', 'trending_analysis': {'trending': '0.75', 'emotion': '0.65', 'visual': '0.85', 'creativity': '0.70'}, 'script_content': '喂喂喂喂喂喂喂喂喂喂喂喂'}
2025-03-30 03:53:17,624 - INFO - 接收到的参数: video_title=陈睿是我儿子, cover_comment=图中有标题文字，内容为“苏联集体化进程”，字体为白色，粗体，较大，醒目突出。左上角有较小的“上”字，可能是系列视频的序号。

构图上，左侧为红场建筑剪影，右侧为一位身穿军装的人物形象。色彩风格以红色为主，象征苏联时期的标志性颜色，庄重且具有历史感。吸睛元素包括人物形象和红色建筑剪影。整体感觉正式、历史感强烈且具有教育性质。, category=知识, follower_count=90455, p_rating=104100.63636363637, duration=6, trending=0.75, emotion=0.65, visual=0.85, creativity=0.7
2025-03-30 03:53:17,669 - INFO - 返回前端数据: {'step': '模型评估', 'message': '✅ 模型评估成功', 'predicted_play_count': 39079.32421875, 'raw_regression': 10.391057968139648, 'post_processed': 39079.32421875}
2025-03-30 03:54:13,735 - INFO - 接收到的视频标题: 我妈妈的包皮垢臭脚被东北雨姐拿去做酱豆腐了?
2025-03-30 03:54:13,737 - INFO - 接收到的封面评论: 图中有标题文字，内容为“苏联集体化进程”，字体为白色，粗体，较大，醒目突出。左上角有较小的“上”字，可能是系列视频的序号。

构图上，左侧为红场建筑剪影，右侧为一位身穿军装的人物形象。色彩风格以红色为主，象征苏联时期的标志性颜色，庄重且具有历史感。吸睛元素包括人物形象和红色建筑剪影。整体感觉正式、历史感强烈且具有教育性质。
2025-03-30 03:54:13,737 - INFO - 接收到的视频文案: 喂喂喂喂喂喂喂喂喂喂喂喂
2025-03-30 03:54:18,282 - INFO - 趋势分析结果: trending=0.65, emotion=0.72, visual=0.85, creativity=0.78
2025-03-30 03:54:18,282 - INFO - 返回前端数据: {'step': '封面分析', 'message': '✅ 封面分析成功', 'trending_analysis': {'trending': '0.65', 'emotion': '0.72', 'visual': '0.85', 'creativity': '0.78'}, 'script_content': '喂喂喂喂喂喂喂喂喂喂喂喂'}
2025-03-30 03:54:18,290 - INFO - 接收到的参数: video_title=我妈妈的包皮垢臭脚被东北雨姐拿去做酱豆腐了?, cover_comment=图中有标题文字，内容为“苏联集体化进程”，字体为白色，粗体，较大，醒目突出。左上角有较小的“上”字，可能是系列视频的序号。

构图上，左侧为红场建筑剪影，右侧为一位身穿军装的人物形象。色彩风格以红色为主，象征苏联时期的标志性颜色，庄重且具有历史感。吸睛元素包括人物形象和红色建筑剪影。整体感觉正式、历史感强烈且具有教育性质。, category=知识, follower_count=90455, p_rating=104100.63636363637, duration=6, trending=0.65, emotion=0.72, visual=0.85, creativity=0.78
2025-03-30 03:54:18,324 - INFO - 返回前端数据: {'step': '模型评估', 'message': '✅ 模型评估成功', 'predicted_play_count': 478708.84375, 'raw_regression': 12.816486358642578, 'post_processed': 478708.84375}
2025-03-30 03:55:00,691 - INFO - 接收到的视频标题: 我妈妈的包皮垢臭脚被东北雨姐拿去做酱豆腐了?
2025-03-30 03:55:00,691 - INFO - 接收到的封面评论: 图中有标题文字，内容为“苏联集体化进程”，字体为白色，粗体，较大，醒目突出。左上角有较小的“上”字，可能是系列视频的序号。

构图上，左侧为红场建筑剪影，右侧为一位身穿军装的人物形象。色彩风格以红色为主，象征苏联时期的标志性颜色，庄重且具有历史感。吸睛元素包括人物形象和红色建筑剪影。整体感觉正式、历史感强烈且具有教育性质。
2025-03-30 03:55:00,691 - INFO - 接收到的视频文案: 喂喂喂喂喂喂喂喂喂喂喂喂
2025-03-30 03:55:02,110 - INFO - 趋势分析结果: trending=0.75, emotion=0.65, visual=0.85, creativity=0.70
2025-03-30 03:55:02,110 - INFO - 返回前端数据: {'step': '封面分析', 'message': '✅ 封面分析成功', 'trending_analysis': {'trending': '0.75', 'emotion': '0.65', 'visual': '0.85', 'creativity': '0.70'}, 'script_content': '喂喂喂喂喂喂喂喂喂喂喂喂'}
2025-03-30 03:55:02,118 - INFO - 接收到的参数: video_title=我妈妈的包皮垢臭脚被东北雨姐拿去做酱豆腐了?, cover_comment=图中有标题文字，内容为“苏联集体化进程”，字体为白色，粗体，较大，醒目突出。左上角有较小的“上”字，可能是系列视频的序号。

构图上，左侧为红场建筑剪影，右侧为一位身穿军装的人物形象。色彩风格以红色为主，象征苏联时期的标志性颜色，庄重且具有历史感。吸睛元素包括人物形象和红色建筑剪影。整体感觉正式、历史感强烈且具有教育性质。, category=搞笑, follower_count=90455, p_rating=104100.63636363637, duration=6, trending=0.75, emotion=0.65, visual=0.85, creativity=0.7
2025-03-30 03:55:02,150 - INFO - 返回前端数据: {'step': '模型评估', 'message': '✅ 模型评估成功', 'predicted_play_count': 328585.84375, 'raw_regression': 12.440193176269531, 'post_processed': 328585.84375}
2025-03-30 03:55:45,171 - INFO - 接收到的视频标题: 答应我...别做略猫区了好嘛
2025-03-30 03:55:45,172 - INFO - 接收到的封面评论: 图中有标题文字，内容为“苏联集体化进程”，字体为白色，粗体，较大，醒目突出。左上角有较小的“上”字，可能是系列视频的序号。

构图上，左侧为红场建筑剪影，右侧为一位身穿军装的人物形象。色彩风格以红色为主，象征苏联时期的标志性颜色，庄重且具有历史感。吸睛元素包括人物形象和红色建筑剪影。整体感觉正式、历史感强烈且具有教育性质。
2025-03-30 03:55:45,172 - INFO - 接收到的视频文案: 喂喂喂喂喂喂喂喂喂喂喂喂
2025-03-30 03:55:46,144 - INFO - 趋势分析结果: trending=0.85, emotion=0.75, visual=0.95, creativity=0.80
2025-03-30 03:55:46,144 - INFO - 返回前端数据: {'step': '封面分析', 'message': '✅ 封面分析成功', 'trending_analysis': {'trending': '0.85', 'emotion': '0.75', 'visual': '0.95', 'creativity': '0.80'}, 'script_content': '喂喂喂喂喂喂喂喂喂喂喂喂'}
2025-03-30 03:55:46,152 - INFO - 接收到的参数: video_title=答应我...别做略猫区了好嘛, cover_comment=图中有标题文字，内容为“苏联集体化进程”，字体为白色，粗体，较大，醒目突出。左上角有较小的“上”字，可能是系列视频的序号。

构图上，左侧为红场建筑剪影，右侧为一位身穿军装的人物形象。色彩风格以红色为主，象征苏联时期的标志性颜色，庄重且具有历史感。吸睛元素包括人物形象和红色建筑剪影。整体感觉正式、历史感强烈且具有教育性质。, category=搞笑, follower_count=90455, p_rating=104100.63636363637, duration=6, trending=0.85, emotion=0.75, visual=0.95, creativity=0.8
2025-03-30 03:55:46,187 - INFO - 返回前端数据: {'step': '模型评估', 'message': '✅ 模型评估成功', 'predicted_play_count': 77481.625, 'raw_regression': 11.07548999786377, 'post_processed': 77481.625}
2025-03-30 03:56:14,375 - INFO - 接收到的视频标题: 答应我...别做略猫区了好嘛
2025-03-30 03:56:14,375 - INFO - 接收到的封面评论: 图中有标题文字，内容为“苏联集体化进程”，字体为白色，粗体，较大，醒目突出。左上角有较小的“上”字，可能是系列视频的序号。

构图上，左侧为红场建筑剪影，右侧为一位身穿军装的人物形象。色彩风格以红色为主，象征苏联时期的标志性颜色，庄重且具有历史感。吸睛元素包括人物形象和红色建筑剪影。整体感觉正式、历史感强烈且具有教育性质。
2025-03-30 03:56:14,375 - INFO - 接收到的视频文案: 喂喂喂喂喂喂喂喂喂喂喂喂
2025-03-30 03:56:16,661 - INFO - 趋势分析结果: trending=0.75, emotion=0.68, visual=0.89, creativity=0.72
2025-03-30 03:56:16,662 - INFO - 返回前端数据: {'step': '封面分析', 'message': '✅ 封面分析成功', 'trending_analysis': {'trending': '0.75', 'emotion': '0.68', 'visual': '0.89', 'creativity': '0.72'}, 'script_content': '喂喂喂喂喂喂喂喂喂喂喂喂'}
2025-03-30 03:56:16,671 - INFO - 接收到的参数: video_title=答应我...别做略猫区了好嘛, cover_comment=图中有标题文字，内容为“苏联集体化进程”，字体为白色，粗体，较大，醒目突出。左上角有较小的“上”字，可能是系列视频的序号。

构图上，左侧为红场建筑剪影，右侧为一位身穿军装的人物形象。色彩风格以红色为主，象征苏联时期的标志性颜色，庄重且具有历史感。吸睛元素包括人物形象和红色建筑剪影。整体感觉正式、历史感强烈且具有教育性质。, category=历史, follower_count=90455, p_rating=104100.63636363637, duration=6, trending=0.75, emotion=0.68, visual=0.89, creativity=0.72
2025-03-30 03:56:16,702 - INFO - 返回前端数据: {'step': '模型评估', 'message': '✅ 模型评估成功', 'predicted_play_count': 37844.3046875, 'raw_regression': 10.358945846557617, 'post_processed': 37844.3046875}
2025-03-30 14:59:35,336 - INFO - 接收到的视频标题: 答应我...别做略猫区了好嘛
2025-03-30 14:59:35,337 - INFO - 接收到的封面评论: 图中有标题文字，内容为“苏联集体化进程”，字体为白色，粗体，较大，醒目突出。左上角有较小的“上”字，可能是系列视频的序号。

构图上，左侧为红场建筑剪影，右侧为一位身穿军装的人物形象。色彩风格以红色为主，象征苏联时期的标志性颜色，庄重且具有历史感。吸睛元素包括人物形象和红色建筑剪影。整体感觉正式、历史感强烈且具有教育性质。
2025-03-30 14:59:35,337 - INFO - 接收到的视频文案: 喂喂喂喂喂喂喂喂喂喂喂喂
2025-03-30 14:59:37,078 - INFO - 趋势分析结果: trending=0.75, emotion=0.68, visual=0.89, creativity=0.72
2025-03-30 14:59:37,079 - INFO - 返回前端数据: {'step': '封面分析', 'message': '✅ 封面分析成功', 'trending_analysis': {'trending': '0.75', 'emotion': '0.68', 'visual': '0.89', 'creativity': '0.72'}, 'script_content': '喂喂喂喂喂喂喂喂喂喂喂喂'}
2025-03-30 14:59:37,089 - INFO - 接收到的参数: video_title=答应我...别做略猫区了好嘛, cover_comment=图中有标题文字，内容为“苏联集体化进程”，字体为白色，粗体，较大，醒目突出。左上角有较小的“上”字，可能是系列视频的序号。

构图上，左侧为红场建筑剪影，右侧为一位身穿军装的人物形象。色彩风格以红色为主，象征苏联时期的标志性颜色，庄重且具有历史感。吸睛元素包括人物形象和红色建筑剪影。整体感觉正式、历史感强烈且具有教育性质。, category=历史, follower_count=90455, p_rating=104100.63636363637, duration=6, trending=0.75, emotion=0.68, visual=0.89, creativity=0.72
2025-03-30 14:59:37,124 - INFO - 返回前端数据: {'step': '模型评估', 'message': '✅ 模型评估成功', 'predicted_play_count': 37844.3046875, 'raw_regression': 10.358945846557617, 'post_processed': 37844.3046875}
2025-03-30 14:59:58,697 - INFO - 接收到的视频标题: 答应我...别做略猫区了好嘛
2025-03-30 14:59:58,698 - INFO - 接收到的封面评论: 图中有标题文字，内容为“苏联集体化进程”，字体为白色，粗体，较大，醒目突出。左上角有较小的“上”字，可能是系列视频的序号。

构图上，左侧为红场建筑剪影，右侧为一位身穿军装的人物形象。色彩风格以红色为主，象征苏联时期的标志性颜色，庄重且具有历史感。吸睛元素包括人物形象和红色建筑剪影。整体感觉正式、历史感强烈且具有教育性质。
2025-03-30 14:59:58,698 - INFO - 接收到的视频文案: 喂喂喂喂喂喂喂喂喂喂喂喂
2025-03-30 15:00:00,013 - INFO - 趋势分析结果: trending=0.75, emotion=0.68, visual=0.85, creativity=0.72
2025-03-30 15:00:00,014 - INFO - 返回前端数据: {'step': '封面分析', 'message': '✅ 封面分析成功', 'trending_analysis': {'trending': '0.75', 'emotion': '0.68', 'visual': '0.85', 'creativity': '0.72'}, 'script_content': '喂喂喂喂喂喂喂喂喂喂喂喂'}
2025-03-30 15:00:00,023 - INFO - 接收到的参数: video_title=答应我...别做略猫区了好嘛, cover_comment=图中有标题文字，内容为“苏联集体化进程”，字体为白色，粗体，较大，醒目突出。左上角有较小的“上”字，可能是系列视频的序号。

构图上，左侧为红场建筑剪影，右侧为一位身穿军装的人物形象。色彩风格以红色为主，象征苏联时期的标志性颜色，庄重且具有历史感。吸睛元素包括人物形象和红色建筑剪影。整体感觉正式、历史感强烈且具有教育性质。, category=历史, follower_count=90455, p_rating=163586.7142857143, duration=6, trending=0.75, emotion=0.68, visual=0.85, creativity=0.72
2025-03-30 15:00:00,059 - INFO - 返回前端数据: {'step': '模型评估', 'message': '✅ 模型评估成功', 'predicted_play_count': 45957.9375, 'raw_regression': 10.553186416625977, 'post_processed': 45957.9375}
2025-03-30 15:03:24,186 - INFO - 接收到的视频标题: 答应我...别做略猫区了好嘛
2025-03-30 15:03:24,187 - INFO - 接收到的封面评论: 图中有标题文字，内容为“苏联集体化进程”，字体为白色，粗体，较大，醒目突出。左上角有较小的“上”字，可能是系列视频的序号。

构图上，左侧为红场建筑剪影，右侧为一位身穿军装的人物形象。色彩风格以红色为主，象征苏联时期的标志性颜色，庄重且具有历史感。吸睛元素包括人物形象和红色建筑剪影。整体感觉正式、历史感强烈且具有教育性质。
2025-03-30 15:03:24,187 - INFO - 接收到的视频文案: 喂喂喂喂喂喂喂喂喂喂喂喂
2025-03-30 15:03:27,066 - INFO - 趋势分析结果: trending=0.75, emotion=0.68, visual=0.89, creativity=0.72
2025-03-30 15:03:27,066 - INFO - 返回前端数据: {'step': '封面分析', 'message': '✅ 封面分析成功', 'trending_analysis': {'trending': '0.75', 'emotion': '0.68', 'visual': '0.89', 'creativity': '0.72'}, 'script_content': '喂喂喂喂喂喂喂喂喂喂喂喂'}
2025-03-30 15:03:27,075 - INFO - 接收到的参数: video_title=答应我...别做略猫区了好嘛, cover_comment=图中有标题文字，内容为“苏联集体化进程”，字体为白色，粗体，较大，醒目突出。左上角有较小的“上”字，可能是系列视频的序号。

构图上，左侧为红场建筑剪影，右侧为一位身穿军装的人物形象。色彩风格以红色为主，象征苏联时期的标志性颜色，庄重且具有历史感。吸睛元素包括人物形象和红色建筑剪影。整体感觉正式、历史感强烈且具有教育性质。, category=历史, follower_count=90455, p_rating=163586.7142857143, duration=6, trending=0.75, emotion=0.68, visual=0.89, creativity=0.72
2025-03-30 15:03:27,134 - INFO - 返回前端数据: {'step': '模型评估', 'message': '✅ 模型评估成功', 'predicted_play_count': 39954.62109375, 'raw_regression': 10.4132080078125, 'post_processed': 39954.62109375}
2025-03-30 15:08:08,013 - INFO - 接收到的视频标题: 答应我...别做略猫区了好嘛
2025-03-30 15:08:08,014 - INFO - 接收到的封面评论: 图中有标题文字，内容为“苏联集体化进程”，字体为粗体白色，大小适中，醒目突出。画面构图以红色背景为主，左侧有克里姆林宫建筑剪影，右侧是斯大林的肖像，军装和徽章细节清晰。色彩风格以红色和军绿色为主，庄重且具有历史感。吸睛元素包括斯大林肖像和醒目的标题文字。整体感觉正式、历史厚重且充满时代气息。
2025-03-30 15:08:08,014 - INFO - 接收到的视频文案: 喂喂喂喂喂喂喂喂喂喂喂喂
2025-03-30 15:08:10,202 - INFO - 趋势分析结果: trending=0.75, emotion=0.68, visual=0.92, creativity=0.79
2025-03-30 15:08:10,202 - INFO - 返回前端数据: {'step': '封面分析', 'message': '✅ 封面分析成功', 'trending_analysis': {'trending': '0.75', 'emotion': '0.68', 'visual': '0.92', 'creativity': '0.79'}, 'script_content': '喂喂喂喂喂喂喂喂喂喂喂喂'}
2025-03-30 15:08:10,209 - INFO - 接收到的参数: video_title=答应我...别做略猫区了好嘛, cover_comment=图中有标题文字，内容为“苏联集体化进程”，字体为粗体白色，大小适中，醒目突出。画面构图以红色背景为主，左侧有克里姆林宫建筑剪影，右侧是斯大林的肖像，军装和徽章细节清晰。色彩风格以红色和军绿色为主，庄重且具有历史感。吸睛元素包括斯大林肖像和醒目的标题文字。整体感觉正式、历史厚重且充满时代气息。, category=历史, follower_count=90455, p_rating=163586.7142857143, duration=6, trending=0.75, emotion=0.68, visual=0.92, creativity=0.79
2025-03-30 15:08:10,237 - INFO - 返回前端数据: {'step': '模型评估', 'message': '✅ 模型评估成功', 'predicted_play_count': 29843.412109375, 'raw_regression': 10.121438026428223, 'post_processed': 29843.412109375}
2025-03-30 15:38:27,317 - INFO - 接收到的视频标题: 答应我...别做略猫区了好嘛
2025-03-30 15:38:27,318 - INFO - 接收到的封面评论: 图中无标题文字。画面构图为近景特写，聚焦于一个动漫角色的脸部，背景模糊，突出人物表情。色彩风格柔和，以淡粉色和浅蓝色为主，营造出温馨可爱的氛围。吸睛元素是角色的大眼睛和柔和的表情，整体感觉萌趣、治愈。
2025-03-30 15:38:27,318 - INFO - 接收到的视频文案: 喂喂喂喂喂喂喂喂喂喂喂喂
2025-03-30 15:38:28,324 - INFO - 趋势分析结果: trending=0.78, emotion=0.85, visual=0.92, creativity=0.81
2025-03-30 15:38:28,324 - INFO - 返回前端数据: {'step': '封面分析', 'message': '✅ 封面分析成功', 'trending_analysis': {'trending': '0.78', 'emotion': '0.85', 'visual': '0.92', 'creativity': '0.81'}, 'script_content': '喂喂喂喂喂喂喂喂喂喂喂喂'}
2025-03-30 15:38:28,331 - INFO - 接收到的参数: video_title=答应我...别做略猫区了好嘛, cover_comment=图中无标题文字。画面构图为近景特写，聚焦于一个动漫角色的脸部，背景模糊，突出人物表情。色彩风格柔和，以淡粉色和浅蓝色为主，营造出温馨可爱的氛围。吸睛元素是角色的大眼睛和柔和的表情，整体感觉萌趣、治愈。, category=历史, follower_count=90455, p_rating=163586.7142857143, duration=6, trending=0.78, emotion=0.85, visual=0.92, creativity=0.81
2025-03-30 15:38:28,360 - INFO - 返回前端数据: {'step': '模型评估', 'message': '✅ 模型评估成功', 'predicted_play_count': 76895.6640625, 'raw_regression': 11.067898750305176, 'post_processed': 76895.6640625}
2025-03-30 15:45:45,003 - INFO - 接收到的视频标题: 答应我...别做略猫区了好嘛
2025-03-30 15:45:45,004 - INFO - 接收到的封面评论: 图中无标题文字。画面构图为近景特写，聚焦于一个动漫角色的脸部，背景模糊，突出人物表情。色彩风格柔和，以淡粉色和浅蓝色为主，营造出温馨可爱的氛围。吸睛元素是角色的大眼睛和柔和的表情，整体感觉萌趣、治愈。
2025-03-30 15:45:45,004 - INFO - 接收到的视频文案: 喂喂喂喂喂喂喂喂喂喂喂喂
2025-03-30 15:45:45,816 - INFO - 趋势分析结果: trending=0.75, emotion=0.85, visual=0.90, creativity=0.80
2025-03-30 15:45:45,816 - INFO - 返回前端数据: {'step': '封面分析', 'message': '✅ 封面分析成功', 'trending_analysis': {'trending': '0.75', 'emotion': '0.85', 'visual': '0.90', 'creativity': '0.80'}, 'script_content': '喂喂喂喂喂喂喂喂喂喂喂喂'}
2025-03-30 15:45:45,826 - INFO - 接收到的参数: video_title=答应我...别做略猫区了好嘛, cover_comment=图中无标题文字。画面构图为近景特写，聚焦于一个动漫角色的脸部，背景模糊，突出人物表情。色彩风格柔和，以淡粉色和浅蓝色为主，营造出温馨可爱的氛围。吸睛元素是角色的大眼睛和柔和的表情，整体感觉萌趣、治愈。, category=历史, follower_count=90455, p_rating=163586.7142857143, duration=470, trending=0.75, emotion=0.85, visual=0.9, creativity=0.8
2025-03-30 15:45:45,878 - INFO - 返回前端数据: {'step': '模型评估', 'message': '✅ 模型评估成功', 'predicted_play_count': 75072.59375, 'raw_regression': 11.043905258178711, 'post_processed': 75072.59375}
2025-03-30 16:03:27,904 - INFO - 接收到的视频标题: 答应我...别做略猫区了好嘛
2025-03-30 16:03:27,917 - INFO - 接收到的封面评论: 图中无标题文字。画面构图为近景特写，聚焦于一个动漫角色的脸部，背景模糊，突出人物表情。色彩风格柔和，以淡粉色和浅蓝色为主，营造出温馨可爱的氛围。吸睛元素是角色的大眼睛和柔和的表情，整体感觉萌趣、治愈。
2025-03-30 16:03:27,918 - INFO - 接收到的视频文案: 喂喂喂喂喂喂喂喂喂喂喂喂
2025-03-30 16:03:28,914 - INFO - 趋势分析结果: trending=0.75, emotion=0.82, visual=0.89, creativity=0.78
2025-03-30 16:03:28,914 - INFO - 返回前端数据: {'step': '封面分析', 'message': '✅ 封面分析成功', 'trending_analysis': {'trending': '0.75', 'emotion': '0.82', 'visual': '0.89', 'creativity': '0.78'}, 'script_content': '喂喂喂喂喂喂喂喂喂喂喂喂'}
2025-03-30 16:03:28,924 - INFO - 接收到的参数: video_title=答应我...别做略猫区了好嘛, cover_comment=图中无标题文字。画面构图为近景特写，聚焦于一个动漫角色的脸部，背景模糊，突出人物表情。色彩风格柔和，以淡粉色和浅蓝色为主，营造出温馨可爱的氛围。吸睛元素是角色的大眼睛和柔和的表情，整体感觉萌趣、治愈。, category=历史, follower_count=90455, p_rating=163586.7142857143, duration=470, trending=0.75, emotion=0.82, visual=0.89, creativity=0.78
2025-03-30 16:03:28,976 - INFO - 返回前端数据: {'step': '模型评估', 'message': '✅ 模型评估成功', 'predicted_play_count': 75711.859375, 'raw_regression': 11.052384376525879, 'post_processed': 75711.859375}
2025-03-30 16:07:05,092 - INFO - 接收到的视频标题: 答应我...别做略猫区了好嘛
2025-03-30 16:07:05,092 - INFO - 接收到的封面评论: 图中无标题文字。画面构图为近景特写，聚焦于一个动漫角色的脸部，背景模糊，突出人物表情。色彩风格柔和，以淡粉色和浅蓝色为主，营造出温馨可爱的氛围。吸睛元素是角色的大眼睛和柔和的表情，整体感觉萌趣、治愈。
2025-03-30 16:07:05,092 - INFO - 接收到的视频文案: 喂喂喂喂喂喂喂喂喂喂喂喂
2025-03-30 16:07:06,102 - INFO - 趋势分析结果: trending=0.75, emotion=0.85, visual=0.90, creativity=0.80
2025-03-30 16:07:06,102 - INFO - 返回前端数据: {'step': '封面分析', 'message': '✅ 封面分析成功', 'trending_analysis': {'trending': '0.75', 'emotion': '0.85', 'visual': '0.90', 'creativity': '0.80'}, 'script_content': '喂喂喂喂喂喂喂喂喂喂喂喂'}
2025-03-30 16:07:06,111 - INFO - 接收到的参数: video_title=答应我...别做略猫区了好嘛, cover_comment=图中无标题文字。画面构图为近景特写，聚焦于一个动漫角色的脸部，背景模糊，突出人物表情。色彩风格柔和，以淡粉色和浅蓝色为主，营造出温馨可爱的氛围。吸睛元素是角色的大眼睛和柔和的表情，整体感觉萌趣、治愈。, category=历史, follower_count=90455, p_rating=163586.7142857143, duration=470, trending=0.75, emotion=0.85, visual=0.9, creativity=0.8
2025-03-30 16:07:06,144 - INFO - 返回前端数据: {'step': '模型评估', 'message': '✅ 模型评估成功', 'predicted_play_count': 75072.59375, 'raw_regression': 11.043905258178711, 'post_processed': 75072.59375}
2025-03-30 16:44:27,704 - INFO - 接收到的视频标题: 答应我...别做略猫区了好嘛
2025-03-30 16:44:27,705 - INFO - 接收到的封面评论: 图中无标题文字。画面构图为近景特写，聚焦于角色的脸部，背景模糊，突出人物表情。色彩风格柔和，以浅色为主，角色头发为银白色，眼睛为蓝色，面部有淡淡红晕。吸睛元素为角色的大眼睛和惊讶的表情，整体感觉可爱、生动且富有情感。
2025-03-30 16:44:27,705 - INFO - 接收到的视频文案: 喂喂喂喂喂喂喂喂喂喂喂喂喂喂喂喂喂喂喂喂喂喂喂喂喂喂喂喂喂喂喂喂喂喂喂喂喂喂喂喂喂喂喂喂喂喂喂喂喂喂喂喂喂喂喂喂喂喂喂喂喂喂喂喂喂喂喂喂喂喂喂喂喂喂喂喂喂喂喂喂喂喂喂喂喂喂喂喂喂喂喂喂喂喂喂喂
2025-03-30 16:44:28,763 - INFO - 趋势分析结果: trending=0.82, emotion=0.85, visual=0.95, creativity=0.78
2025-03-30 16:44:28,764 - INFO - 返回前端数据: {'step': '封面分析', 'message': '✅ 封面分析成功', 'trending_analysis': {'trending': '0.82', 'emotion': '0.85', 'visual': '0.95', 'creativity': '0.78'}, 'script_content': '喂喂喂喂喂喂喂喂喂喂喂喂喂喂喂喂喂喂喂喂喂喂喂喂喂喂喂喂喂喂喂喂喂喂喂喂喂喂喂喂喂喂喂喂喂喂喂喂喂喂喂喂喂喂喂喂喂喂喂喂喂喂喂喂喂喂喂喂喂喂喂喂喂喂喂喂喂喂喂喂喂喂喂喂喂喂喂喂喂喂喂喂喂喂喂喂'}
2025-03-30 16:44:28,769 - INFO - 接收到的参数: video_title=答应我...别做略猫区了好嘛, cover_comment=图中无标题文字。画面构图为近景特写，聚焦于角色的脸部，背景模糊，突出人物表情。色彩风格柔和，以浅色为主，角色头发为银白色，眼睛为蓝色，面部有淡淡红晕。吸睛元素为角色的大眼睛和惊讶的表情，整体感觉可爱、生动且富有情感。, category=历史, follower_count=90455, p_rating=163586.7142857143, duration=470, trending=0.82, emotion=0.85, visual=0.95, creativity=0.78
2025-03-30 16:44:28,819 - INFO - 返回前端数据: {'step': '模型评估', 'message': '✅ 模型评估成功', 'predicted_play_count': 70349.8515625, 'raw_regression': 10.978931427001953, 'post_processed': 70349.8515625}
2025-03-30 16:51:22,199 - INFO - 接收到的视频标题: 答应我...别做略猫区了好嘛
2025-03-30 16:51:22,199 - INFO - 接收到的封面评论: 图中无标题文字。画面构图为近景特写，聚焦于角色的脸部，背景模糊，突出人物表情。色彩风格柔和，以浅色为主，角色头发为银白色，眼睛为蓝色，面部有淡淡红晕。吸睛元素为角色的大眼睛和惊讶的表情，整体感觉可爱、生动且富有情感。
2025-03-30 16:51:22,200 - INFO - 接收到的视频文案: 喂喂喂喂喂喂喂喂喂喂喂喂喂喂喂喂喂喂喂喂喂喂喂喂喂喂喂喂喂喂喂喂喂喂喂喂喂喂喂喂喂喂喂喂喂喂喂喂喂喂喂喂喂喂喂喂喂喂喂喂喂喂喂喂喂喂喂喂喂喂喂喂喂喂喂喂喂喂喂喂喂喂喂喂喂喂喂喂喂喂喂喂喂喂喂喂
2025-03-30 16:51:24,757 - INFO - 趋势分析结果: trending=0.85, emotion=0.78, visual=0.96, creativity=0.82
2025-03-30 16:51:24,757 - INFO - 返回前端数据: {'step': '封面分析', 'message': '✅ 封面分析成功', 'trending_analysis': {'trending': '0.85', 'emotion': '0.78', 'visual': '0.96', 'creativity': '0.82'}, 'script_content': '喂喂喂喂喂喂喂喂喂喂喂喂喂喂喂喂喂喂喂喂喂喂喂喂喂喂喂喂喂喂喂喂喂喂喂喂喂喂喂喂喂喂喂喂喂喂喂喂喂喂喂喂喂喂喂喂喂喂喂喂喂喂喂喂喂喂喂喂喂喂喂喂喂喂喂喂喂喂喂喂喂喂喂喂喂喂喂喂喂喂喂喂喂喂喂喂'}
2025-03-30 16:51:24,765 - INFO - 接收到的参数: video_title=答应我...别做略猫区了好嘛, cover_comment=图中无标题文字。画面构图为近景特写，聚焦于角色的脸部，背景模糊，突出人物表情。色彩风格柔和，以浅色为主，角色头发为银白色，眼睛为蓝色，面部有淡淡红晕。吸睛元素为角色的大眼睛和惊讶的表情，整体感觉可爱、生动且富有情感。, category=历史, follower_count=90455, p_rating=163586.7142857143, duration=0, trending=0.85, emotion=0.78, visual=0.96, creativity=0.82
2025-03-30 16:51:24,795 - INFO - 返回前端数据: {'step': '模型评估', 'message': '✅ 模型评估成功', 'predicted_play_count': 67045.7109375, 'raw_regression': 10.930826187133789, 'post_processed': 67045.7109375}
2025-03-30 17:41:10,806 - INFO - 接收到的视频标题: 大狗大狗叫叫叫
2025-03-30 17:41:10,806 - INFO - 接收到的封面评论: 图中无标题文字。画面构图为近景特写，聚焦于角色的脸部，背景模糊，突出人物表情。色彩风格柔和，以浅色为主，角色头发为银白色，眼睛为蓝色，面部有淡淡红晕。吸睛元素为角色的大眼睛和惊讶的表情，整体感觉可爱、生动且富有情感。
2025-03-30 17:41:10,807 - INFO - 接收到的视频文案: 
2025-03-30 17:41:11,737 - INFO - 趋势分析结果: trending=0.75, emotion=0.82, visual=0.95, creativity=0.78
2025-03-30 17:41:11,737 - INFO - 返回前端数据: {'step': '封面分析', 'message': '✅ 封面分析成功', 'trending_analysis': {'trending': '0.75', 'emotion': '0.82', 'visual': '0.95', 'creativity': '0.78'}, 'script_content': ''}
2025-03-30 17:41:11,746 - INFO - 接收到的参数: video_title=大狗大狗叫叫叫, cover_comment=图中无标题文字。画面构图为近景特写，聚焦于角色的脸部，背景模糊，突出人物表情。色彩风格柔和，以浅色为主，角色头发为银白色，眼睛为蓝色，面部有淡淡红晕。吸睛元素为角色的大眼睛和惊讶的表情，整体感觉可爱、生动且富有情感。, category=搞笑, follower_count=1300, p_rating=13333.333333333334, duration=0, trending=0.75, emotion=0.82, visual=0.95, creativity=0.78
2025-03-30 17:41:11,797 - INFO - 返回前端数据: {'step': '模型评估', 'message': '✅ 模型评估成功', 'predicted_play_count': 8268.4482421875, 'raw_regression': 8.92502498626709, 'post_processed': 8268.4482421875}
2025-03-30 17:45:40,374 - INFO - 接收到的视频标题: 大狗大狗叫叫叫
2025-03-30 17:45:40,374 - INFO - 接收到的封面评论: 图中无标题文字。画面构图为近景特写，聚焦于角色的脸部，背景模糊，突出人物表情。色彩风格柔和，以浅色为主，角色头发为银白色，眼睛为蓝色，面部有淡淡红晕。吸睛元素为角色的大眼睛和惊讶的表情，整体感觉可爱、生动且富有情感。
2025-03-30 17:45:40,374 - INFO - 接收到的视频文案: 
2025-03-30 17:45:44,587 - INFO - 趋势分析结果: trending=0.75, emotion=0.85, visual=0.92, creativity=0.78
2025-03-30 17:45:44,587 - INFO - 返回前端数据: {'step': '封面分析', 'message': '✅ 封面分析成功', 'trending_analysis': {'trending': '0.75', 'emotion': '0.85', 'visual': '0.92', 'creativity': '0.78'}, 'script_content': ''}
2025-03-30 17:45:44,595 - INFO - 接收到的参数: video_title=大狗大狗叫叫叫, cover_comment=图中无标题文字。画面构图为近景特写，聚焦于角色的脸部，背景模糊，突出人物表情。色彩风格柔和，以浅色为主，角色头发为银白色，眼睛为蓝色，面部有淡淡红晕。吸睛元素为角色的大眼睛和惊讶的表情，整体感觉可爱、生动且富有情感。, category=搞笑, follower_count=1300, p_rating=13333.333333333334, duration=0, trending=0.75, emotion=0.85, visual=0.92, creativity=0.78
2025-03-30 17:45:44,625 - INFO - 返回前端数据: {'step': '模型评估', 'message': '✅ 模型评估成功', 'predicted_play_count': 8556.9072265625, 'raw_regression': 8.959312438964844, 'post_processed': 8556.9072265625}
2025-03-31 01:22:15,649 - INFO - 接收到的视频标题: ？
2025-03-31 01:22:15,650 - INFO - 接收到的封面评论: 图中无标题文字。画面构图以卡通人物为主体，人物表情夸张愤怒，背景简单，突出人物情绪。色彩风格偏向鲜艳对比，黄色和粉色为主，吸睛元素为人物的愤怒表情和猫耳装饰。整体感觉活泼且充满戏剧性，传达强烈的情感冲击。
2025-03-31 01:22:15,650 - INFO - 接收到的视频文案: 
2025-03-31 01:22:15,800 - INFO - 趋势分析结果: trending=0.00, emotion=0.00, visual=0.00, creativity=0.00
2025-03-31 01:22:15,800 - INFO - 返回前端数据: {'step': '封面分析', 'message': '✅ 封面分析成功', 'trending_analysis': {'trending': '0.00', 'emotion': '0.00', 'visual': '0.00', 'creativity': '0.00'}, 'script_content': ''}
2025-03-31 01:22:16,105 - INFO - 接收到的参数: video_title=？, cover_comment=图中无标题文字。画面构图以卡通人物为主体，人物表情夸张愤怒，背景简单，突出人物情绪。色彩风格偏向鲜艳对比，黄色和粉色为主，吸睛元素为人物的愤怒表情和猫耳装饰。整体感觉活泼且充满戏剧性，传达强烈的情感冲击。, category=知识, follower_count=2323, p_rating=231312.0, duration=38, trending=0.0, emotion=0.0, visual=0.0, creativity=0.0
2025-03-31 01:24:08,104 - INFO - 接收到的视频标题: 我说呀
2025-03-31 01:24:08,104 - INFO - 接收到的封面评论: 图中无标题文字。画面构图以卡通人物为主体，人物表情夸张愤怒，背景简单，突出人物情绪。色彩风格偏向鲜艳对比，黄色和粉色为主，吸睛元素为人物的愤怒表情和猫耳装饰。整体感觉活泼且充满戏剧性，传达强烈的情感冲击。
2025-03-31 01:24:08,104 - INFO - 接收到的视频文案: 33
2025-03-31 01:24:09,452 - INFO - 趋势分析结果: trending=0.75, emotion=0.85, visual=0.90, creativity=0.80
2025-03-31 01:24:09,452 - INFO - 返回前端数据: {'step': '封面分析', 'message': '✅ 封面分析成功', 'trending_analysis': {'trending': '0.75', 'emotion': '0.85', 'visual': '0.90', 'creativity': '0.80'}, 'script_content': '33'}
2025-03-31 01:24:09,458 - INFO - 接收到的参数: video_title=我说呀, cover_comment=图中无标题文字。画面构图以卡通人物为主体，人物表情夸张愤怒，背景简单，突出人物情绪。色彩风格偏向鲜艳对比，黄色和粉色为主，吸睛元素为人物的愤怒表情和猫耳装饰。整体感觉活泼且充满戏剧性，传达强烈的情感冲击。, category=知识, follower_count=123123, p_rating=16065.5, duration=559, trending=0.75, emotion=0.85, visual=0.9, creativity=0.8
2025-03-31 01:25:09,169 - INFO - 接收到的视频标题: 我说呀
2025-03-31 01:25:09,169 - INFO - 接收到的封面评论: 图中无标题文字。画面构图以卡通人物为主体，人物表情夸张愤怒，背景简单，突出人物情绪。色彩风格偏向鲜艳对比，黄色和粉色为主，吸睛元素为人物的愤怒表情和猫耳装饰。整体感觉活泼且充满戏剧性，传达强烈的情感冲击。
2025-03-31 01:25:09,169 - INFO - 接收到的视频文案: 33
2025-03-31 01:25:10,350 - INFO - 趋势分析结果: trending=0.75, emotion=0.85, visual=0.90, creativity=0.80
2025-03-31 01:25:10,350 - INFO - 返回前端数据: {'step': '封面分析', 'message': '✅ 封面分析成功', 'trending_analysis': {'trending': '0.75', 'emotion': '0.85', 'visual': '0.90', 'creativity': '0.80'}, 'script_content': '33'}
2025-03-31 01:25:10,358 - INFO - 接收到的参数: video_title=我说呀, cover_comment=图中无标题文字。画面构图以卡通人物为主体，人物表情夸张愤怒，背景简单，突出人物情绪。色彩风格偏向鲜艳对比，黄色和粉色为主，吸睛元素为人物的愤怒表情和猫耳装饰。整体感觉活泼且充满戏剧性，传达强烈的情感冲击。, category=知识, follower_count=123123, p_rating=16065.5, duration=559, trending=0.75, emotion=0.85, visual=0.9, creativity=0.8
2025-03-31 01:25:10,469 - INFO - 返回前端数据: {'step': '模型评估', 'message': '✅ 模型评估成功', 'predicted_play_count': 10929.12109375, 'raw_regression': 9.20397663116455, 'post_processed': 10929.12109375}
2025-03-31 01:32:39,636 - INFO - 接收到的视频标题: 我说呀
2025-03-31 01:32:39,636 - INFO - 接收到的封面评论: 图中无标题文字。画面构图以卡通人物为主体，人物表情夸张愤怒，背景简单，突出人物情绪。色彩风格偏向鲜艳对比，黄色和粉色为主，吸睛元素为人物的愤怒表情和猫耳装饰。整体感觉活泼且充满戏剧性，传达强烈的情感冲击。
2025-03-31 01:32:39,636 - INFO - 接收到的视频文案: 33
2025-03-31 01:32:40,545 - INFO - 趋势分析结果: trending=0.75, emotion=0.85, visual=0.90, creativity=0.80
2025-03-31 01:32:40,545 - INFO - 返回前端数据: {'step': '封面分析', 'message': '✅ 封面分析成功', 'trending_analysis': {'trending': '0.75', 'emotion': '0.85', 'visual': '0.90', 'creativity': '0.80'}, 'script_content': '33'}
2025-03-31 01:32:40,552 - INFO - 接收到的参数: video_title=我说呀, cover_comment=图中无标题文字。画面构图以卡通人物为主体，人物表情夸张愤怒，背景简单，突出人物情绪。色彩风格偏向鲜艳对比，黄色和粉色为主，吸睛元素为人物的愤怒表情和猫耳装饰。整体感觉活泼且充满戏剧性，传达强烈的情感冲击。, category=知识, follower_count=123123, p_rating=16065.5, duration=559, trending=0.75, emotion=0.85, visual=0.9, creativity=0.8
2025-03-31 01:32:40,676 - INFO - 返回前端数据: {'step': '模型评估', 'message': '✅ 模型评估成功', 'predicted_play_count': 10929.12109375, 'raw_regression': 9.20397663116455, 'post_processed': 10929.12109375}
2025-03-31 02:15:43,010 - INFO - 接收到的视频标题: 我说呀
2025-03-31 02:15:43,010 - INFO - 接收到的封面评论: 图中无标题文字。画面构图以卡通人物为主体，人物表情夸张愤怒，背景简单，突出人物情绪。色彩风格偏向鲜艳对比，黄色和粉色为主，吸睛元素为人物的愤怒表情和猫耳装饰。整体感觉活泼且充满戏剧性，传达强烈的情感冲击。
2025-03-31 02:15:43,010 - INFO - 接收到的视频文案: 33
2025-03-31 02:15:43,899 - INFO - 趋势分析结果: trending=0.75, emotion=0.85, visual=0.90, creativity=0.80
2025-03-31 02:15:43,900 - INFO - 返回前端数据: {'step': '封面分析', 'message': '✅ 封面分析成功', 'trending_analysis': {'trending': '0.75', 'emotion': '0.85', 'visual': '0.90', 'creativity': '0.80'}, 'script_content': '33'}
2025-03-31 02:15:43,906 - INFO - 接收到的参数: video_title=我说呀, cover_comment=图中无标题文字。画面构图以卡通人物为主体，人物表情夸张愤怒，背景简单，突出人物情绪。色彩风格偏向鲜艳对比，黄色和粉色为主，吸睛元素为人物的愤怒表情和猫耳装饰。整体感觉活泼且充满戏剧性，传达强烈的情感冲击。, category=知识, follower_count=123123, p_rating=16065.5, duration=559, trending=0.75, emotion=0.85, visual=0.9, creativity=0.8
2025-03-31 02:15:44,027 - INFO - 返回前端数据: {'step': '模型评估', 'message': '✅ 模型评估成功', 'predicted_play_count': 10929.12109375, 'raw_regression': 9.20397663116455, 'post_processed': 10929.12109375}
2025-03-31 03:03:10,950 - INFO - 接收到的视频标题: 我说呀
2025-03-31 03:03:10,957 - INFO - 接收到的封面评论: 图中无标题文字。画面构图以卡通人物为主体，人物表情夸张愤怒，背景简单，突出人物情绪。色彩风格偏向鲜艳对比，黄色和粉色为主，吸睛元素为人物的愤怒表情和猫耳装饰。整体感觉活泼且充满戏剧性，传达强烈的情感冲击。
2025-03-31 03:03:10,957 - INFO - 接收到的视频文案: 
2025-03-31 03:03:12,598 - INFO - 趋势分析结果: trending=0.75, emotion=0.85, visual=0.90, creativity=0.80
2025-03-31 03:03:12,598 - INFO - 返回前端数据: {'step': '封面分析', 'message': '✅ 封面分析成功', 'trending_analysis': {'trending': '0.75', 'emotion': '0.85', 'visual': '0.90', 'creativity': '0.80'}, 'script_content': ''}
2025-03-31 03:03:12,605 - INFO - 接收到的参数: video_title=我说呀, cover_comment=图中无标题文字。画面构图以卡通人物为主体，人物表情夸张愤怒，背景简单，突出人物情绪。色彩风格偏向鲜艳对比，黄色和粉色为主，吸睛元素为人物的愤怒表情和猫耳装饰。整体感觉活泼且充满戏剧性，传达强烈的情感冲击。, category=知识, follower_count=123123, p_rating=16065.5, duration=559, trending=0.75, emotion=0.85, visual=0.9, creativity=0.8
2025-03-31 03:05:58,435 - INFO - 接收到的视频标题: 我说呀
2025-03-31 03:05:58,435 - INFO - 接收到的封面评论: 图中无标题文字。画面构图以卡通人物为主体，人物表情夸张愤怒，背景简单，突出人物情绪。色彩风格偏向鲜艳对比，黄色和粉色为主，吸睛元素为人物的愤怒表情和猫耳装饰。整体感觉活泼且充满戏剧性，传达强烈的情感冲击。
2025-03-31 03:05:58,436 - INFO - 接收到的视频文案: 
2025-03-31 03:05:59,304 - INFO - 趋势分析结果: trending=0.75, emotion=0.85, visual=0.90, creativity=0.80
2025-03-31 03:05:59,304 - INFO - 返回前端数据: {'step': '封面分析', 'message': '✅ 封面分析成功', 'trending_analysis': {'trending': '0.75', 'emotion': '0.85', 'visual': '0.90', 'creativity': '0.80'}, 'script_content': ''}
2025-03-31 03:05:59,311 - INFO - 接收到的参数: video_title=我说呀, cover_comment=图中无标题文字。画面构图以卡通人物为主体，人物表情夸张愤怒，背景简单，突出人物情绪。色彩风格偏向鲜艳对比，黄色和粉色为主，吸睛元素为人物的愤怒表情和猫耳装饰。整体感觉活泼且充满戏剧性，传达强烈的情感冲击。, category=知识, follower_count=123123, p_rating=16065.5, duration=559, trending=0.75, emotion=0.85, visual=0.9, creativity=0.8
2025-03-31 03:05:59,342 - INFO - 返回前端数据: {'step': '模型评估', 'message': '✅ 模型评估成功', 'predicted_play_count': 10953.9890625, 'raw_regression': 9.206249237060547, 'post_processed': 10953.9890625}
2025-03-31 03:28:19,067 - INFO - 接收到的视频标题: 我说呀
2025-03-31 03:28:19,067 - INFO - 接收到的封面评论: 图中无标题文字。画面构图为一只猫咪仰卧，前爪上放着一张粉色纸币，表情夸张张嘴吐舌，显得非常可爱。色彩风格以暖色调为主，猫咪毛色为浅棕与白色相间，背景为白色带黑色图案的毛毯。吸睛元素是猫咪的表情和纸币的对比。整体感觉轻松幽默，充满趣味性。
2025-03-31 03:28:19,067 - INFO - 接收到的视频文案: 
2025-03-31 03:28:22,106 - INFO - 趋势分析结果: trending=0.75, emotion=0.85, visual=0.90, creativity=0.80
2025-03-31 03:28:22,107 - INFO - 返回前端数据: {'step': '封面分析', 'message': '✅ 封面分析成功', 'trending_analysis': {'trending': '0.75', 'emotion': '0.85', 'visual': '0.90', 'creativity': '0.80'}, 'script_content': ''}
2025-03-31 03:28:22,116 - INFO - 接收到的参数: video_title=我说呀, cover_comment=图中无标题文字。画面构图为一只猫咪仰卧，前爪上放着一张粉色纸币，表情夸张张嘴吐舌，显得非常可爱。色彩风格以暖色调为主，猫咪毛色为浅棕与白色相间，背景为白色带黑色图案的毛毯。吸睛元素是猫咪的表情和纸币的对比。整体感觉轻松幽默，充满趣味性。, category=知识, follower_count=123123, p_rating=16065.5, duration=0, trending=0.75, emotion=0.85, visual=0.9, creativity=0.8
2025-03-31 03:28:22,164 - INFO - 返回前端数据: {'step': '模型评估', 'message': '✅ 模型评估成功', 'predicted_play_count': 15683.940234374999, 'raw_regression': 9.478147506713867, 'post_processed': 15683.940234374999}
2025-03-31 03:30:26,678 - INFO - 接收到的视频标题: 我说呀
2025-03-31 03:30:26,679 - INFO - 接收到的封面评论: 图中无标题文字。画面构图为一只猫咪仰卧，前爪上放着一张粉色纸币，表情夸张张嘴吐舌，显得非常可爱。色彩风格以暖色调为主，猫咪毛色为浅棕与白色相间，背景为白色带黑色图案的毛毯。吸睛元素是猫咪的表情和纸币的对比。整体感觉轻松幽默，充满趣味性。
2025-03-31 03:30:26,679 - INFO - 接收到的视频文案: 
2025-03-31 03:30:27,512 - INFO - 趋势分析结果: trending=0.75, emotion=0.85, visual=0.90, creativity=0.80
2025-03-31 03:30:27,512 - INFO - 返回前端数据: {'step': '封面分析', 'message': '✅ 封面分析成功', 'trending_analysis': {'trending': '0.75', 'emotion': '0.85', 'visual': '0.90', 'creativity': '0.80'}, 'script_content': ''}
2025-03-31 03:30:27,520 - INFO - 接收到的参数: video_title=我说呀, cover_comment=图中无标题文字。画面构图为一只猫咪仰卧，前爪上放着一张粉色纸币，表情夸张张嘴吐舌，显得非常可爱。色彩风格以暖色调为主，猫咪毛色为浅棕与白色相间，背景为白色带黑色图案的毛毯。吸睛元素是猫咪的表情和纸币的对比。整体感觉轻松幽默，充满趣味性。, category=知识, follower_count=123123, p_rating=16065.5, duration=0, trending=0.75, emotion=0.85, visual=0.9, creativity=0.8
2025-03-31 03:30:27,568 - INFO - 返回前端数据: {'step': '模型评估', 'message': '✅ 模型评估成功', 'predicted_play_count': 15683.940234374999, 'raw_regression': 9.478147506713867, 'post_processed': 15683.940234374999}
2025-03-31 03:33:12,765 - INFO - 接收到的视频标题: 我说呀
2025-03-31 03:33:12,765 - INFO - 接收到的封面评论: 图中无标题文字。画面构图为一只猫咪仰卧，前爪上放着一张粉色纸币，表情夸张张嘴吐舌，显得非常可爱。色彩风格以暖色调为主，猫咪毛色为浅棕与白色相间，背景为白色带黑色图案的毛毯。吸睛元素是猫咪的表情和纸币的对比。整体感觉轻松幽默，充满趣味性。
2025-03-31 03:33:12,765 - INFO - 接收到的视频文案: 
2025-03-31 03:33:14,206 - INFO - 趋势分析结果: trending=0.75, emotion=0.85, visual=0.90, creativity=0.80
2025-03-31 03:33:14,206 - INFO - 返回前端数据: {'step': '封面分析', 'message': '✅ 封面分析成功', 'trending_analysis': {'trending': '0.75', 'emotion': '0.85', 'visual': '0.90', 'creativity': '0.80'}, 'script_content': ''}
2025-03-31 03:33:14,213 - INFO - 接收到的参数: video_title=我说呀, cover_comment=图中无标题文字。画面构图为一只猫咪仰卧，前爪上放着一张粉色纸币，表情夸张张嘴吐舌，显得非常可爱。色彩风格以暖色调为主，猫咪毛色为浅棕与白色相间，背景为白色带黑色图案的毛毯。吸睛元素是猫咪的表情和纸币的对比。整体感觉轻松幽默，充满趣味性。, category=知识, follower_count=123123, p_rating=16065.5, duration=0, trending=0.75, emotion=0.85, visual=0.9, creativity=0.8
2025-03-31 03:33:14,249 - INFO - 返回前端数据: {'step': '模型评估', 'message': '✅ 模型评估成功', 'predicted_play_count': 15683.940234374999, 'raw_regression': 9.478147506713867, 'post_processed': 15683.940234374999}
2025-03-31 03:37:07,818 - INFO - 接收到的视频标题: 我说呀
2025-03-31 03:37:07,818 - INFO - 接收到的封面评论: 图中无标题文字。画面构图为一只猫咪仰卧，前爪上放着一张粉色纸币，表情夸张张嘴吐舌，显得非常可爱。色彩风格以暖色调为主，猫咪毛色为浅棕与白色相间，背景为白色带黑色图案的毛毯。吸睛元素是猫咪的表情和纸币的对比。整体感觉轻松幽默，充满趣味性。
2025-03-31 03:37:07,818 - INFO - 接收到的视频文案: 
2025-03-31 03:37:08,673 - INFO - 趋势分析结果: trending=0.75, emotion=0.85, visual=0.92, creativity=0.78
2025-03-31 03:37:08,673 - INFO - 返回前端数据: {'step': '封面分析', 'message': '✅ 封面分析成功', 'trending_analysis': {'trending': '0.75', 'emotion': '0.85', 'visual': '0.92', 'creativity': '0.78'}, 'script_content': ''}
2025-03-31 03:37:08,683 - INFO - 接收到的参数: video_title=我说呀, cover_comment=图中无标题文字。画面构图为一只猫咪仰卧，前爪上放着一张粉色纸币，表情夸张张嘴吐舌，显得非常可爱。色彩风格以暖色调为主，猫咪毛色为浅棕与白色相间，背景为白色带黑色图案的毛毯。吸睛元素是猫咪的表情和纸币的对比。整体感觉轻松幽默，充满趣味性。, category=知识, follower_count=123123, p_rating=16065.5, duration=15, trending=0.75, emotion=0.85, visual=0.92, creativity=0.78
2025-03-31 03:37:08,728 - INFO - 返回前端数据: {'step': '模型评估', 'message': '✅ 模型评估成功', 'predicted_play_count': 14687.998828124999, 'raw_regression': 9.412546157836914, 'post_processed': 14687.998828124999}
2025-03-31 03:38:40,923 - INFO - 接收到的视频标题: 我说呀
2025-03-31 03:38:40,924 - INFO - 接收到的封面评论: 图中无标题文字。画面构图为一只猫咪仰卧，前爪上放着一张粉色纸币，表情夸张张嘴吐舌，显得非常可爱。色彩风格以暖色调为主，猫咪毛色为浅棕与白色相间，背景为白色带黑色图案的毛毯。吸睛元素是猫咪的表情和纸币的对比。整体感觉轻松幽默，充满趣味性。
2025-03-31 03:38:40,924 - INFO - 接收到的视频文案: 
2025-03-31 03:38:42,115 - INFO - 趋势分析结果: trending=0.75, emotion=0.85, visual=0.90, creativity=0.80
2025-03-31 03:38:42,115 - INFO - 返回前端数据: {'step': '封面分析', 'message': '✅ 封面分析成功', 'trending_analysis': {'trending': '0.75', 'emotion': '0.85', 'visual': '0.90', 'creativity': '0.80'}, 'script_content': ''}
2025-03-31 03:38:42,121 - ERROR - 参数类型转换失败: int() argument must be a string, a bytes-like object or a real number, not 'NoneType'
2025-03-31 03:38:56,074 - INFO - 接收到的视频标题: 我说呀
2025-03-31 03:38:56,074 - INFO - 接收到的封面评论: 图中无标题文字。画面构图为一只猫咪仰卧，前爪上放着一张粉色纸币，表情夸张张嘴吐舌，显得非常可爱。色彩风格以暖色调为主，猫咪毛色为浅棕与白色相间，背景为白色带黑色图案的毛毯。吸睛元素是猫咪的表情和纸币的对比。整体感觉轻松幽默，充满趣味性。
2025-03-31 03:38:56,074 - INFO - 接收到的视频文案: 
2025-03-31 03:38:57,075 - INFO - 趋势分析结果: trending=0.75, emotion=0.85, visual=0.90, creativity=0.80
2025-03-31 03:38:57,076 - INFO - 返回前端数据: {'step': '封面分析', 'message': '✅ 封面分析成功', 'trending_analysis': {'trending': '0.75', 'emotion': '0.85', 'visual': '0.90', 'creativity': '0.80'}, 'script_content': ''}
2025-03-31 03:38:57,084 - INFO - 接收到的参数: video_title=我说呀, cover_comment=图中无标题文字。画面构图为一只猫咪仰卧，前爪上放着一张粉色纸币，表情夸张张嘴吐舌，显得非常可爱。色彩风格以暖色调为主，猫咪毛色为浅棕与白色相间，背景为白色带黑色图案的毛毯。吸睛元素是猫咪的表情和纸币的对比。整体感觉轻松幽默，充满趣味性。, category=知识, follower_count=123123, p_rating=16065.5, duration=15, trending=0.75, emotion=0.85, visual=0.9, creativity=0.8
2025-03-31 03:38:57,112 - INFO - 返回前端数据: {'step': '模型评估', 'message': '✅ 模型评估成功', 'predicted_play_count': 15684.284765625, 'raw_regression': 9.478169441223145, 'post_processed': 15684.284765625}
2025-03-31 03:47:09,735 - INFO - 接收到的视频标题: 我说呀
2025-03-31 03:47:09,735 - INFO - 接收到的封面评论: 图中无标题文字。画面构图以卡通人物为主体，人物表情夸张愤怒，背景简单，突出人物情绪。色彩风格偏向鲜艳对比，黄色和粉色为主，吸睛元素为人物的愤怒表情和猫耳装饰。整体感觉活泼且充满戏剧性，传达强烈的情感冲击。
2025-03-31 03:47:09,735 - INFO - 接收到的视频文案: 
2025-03-31 03:47:10,559 - INFO - 趋势分析结果: trending=0.75, emotion=0.85, visual=0.90, creativity=0.80
2025-03-31 03:47:10,559 - INFO - 返回前端数据: {'step': '封面分析', 'message': '✅ 封面分析成功', 'trending_analysis': {'trending': '0.75', 'emotion': '0.85', 'visual': '0.90', 'creativity': '0.80'}, 'script_content': ''}
2025-03-31 03:47:10,566 - INFO - 接收到的参数: video_title=我说呀, cover_comment=图中无标题文字。画面构图以卡通人物为主体，人物表情夸张愤怒，背景简单，突出人物情绪。色彩风格偏向鲜艳对比，黄色和粉色为主，吸睛元素为人物的愤怒表情和猫耳装饰。整体感觉活泼且充满戏剧性，传达强烈的情感冲击。, category=知识, follower_count=123123, p_rating=16065.5, duration=15, trending=0.75, emotion=0.85, visual=0.9, creativity=0.8
2025-03-31 03:47:10,592 - INFO - 返回前端数据: {'step': '模型评估', 'message': '✅ 模型评估成功', 'predicted_play_count': 10943.2962890625, 'raw_regression': 9.205272674560547, 'post_processed': 10943.2962890625}
2025-03-31 06:10:41,564 - INFO - 接收到的视频标题: 我说呀
2025-03-31 06:10:41,565 - INFO - 接收到的封面评论: 图中无标题文字。画面构图为一只猫咪仰卧，前爪上放着一张粉色纸币，表情夸张张嘴吐舌，显得非常可爱。色彩风格以暖色调为主，猫咪毛色为浅棕与白色相间，背景为白色带黑色图案的毛毯。吸睛元素是猫咪的表情和纸币的对比。整体感觉轻松幽默，充满趣味性。
2025-03-31 06:10:41,565 - INFO - 接收到的视频文案: 
2025-03-31 06:10:42,458 - INFO - 趋势分析结果: trending=0.75, emotion=0.85, visual=0.92, creativity=0.78
2025-03-31 06:10:42,459 - INFO - 返回前端数据: {'step': '封面分析', 'message': '✅ 封面分析成功', 'trending_analysis': {'trending': '0.75', 'emotion': '0.85', 'visual': '0.92', 'creativity': '0.78'}, 'script_content': ''}
2025-03-31 06:10:42,465 - INFO - 接收到的参数: video_title=我说呀, cover_comment=图中无标题文字。画面构图为一只猫咪仰卧，前爪上放着一张粉色纸币，表情夸张张嘴吐舌，显得非常可爱。色彩风格以暖色调为主，猫咪毛色为浅棕与白色相间，背景为白色带黑色图案的毛毯。吸睛元素是猫咪的表情和纸币的对比。整体感觉轻松幽默，充满趣味性。, category=知识, follower_count=123118, p_rating=16065.5, duration=15, trending=0.75, emotion=0.85, visual=0.92, creativity=0.78
2025-03-31 06:10:42,495 - INFO - 返回前端数据: {'step': '模型评估', 'message': '✅ 模型评估成功', 'predicted_play_count': 14687.801953125, 'raw_regression': 9.412532806396484, 'post_processed': 14687.801953125}
2025-03-31 06:34:30,327 - INFO - 接收到的视频标题: 我说呀
2025-03-31 06:34:30,327 - INFO - 接收到的封面评论: 图中无标题文字。画面构图为一只猫咪仰卧，前爪上放着一张粉色纸币，表情夸张张嘴吐舌，显得非常可爱。色彩风格以暖色调为主，猫咪毛色为浅棕与白色相间，背景为白色带黑色图案的毛毯。吸睛元素是猫咪的表情和纸币的对比。整体感觉轻松幽默，充满趣味性。
2025-03-31 06:34:30,327 - INFO - 接收到的视频文案: 
2025-03-31 06:34:31,442 - INFO - 趋势分析结果: trending=0.75, emotion=0.85, visual=0.92, creativity=0.80
2025-03-31 06:34:31,443 - INFO - 返回前端数据: {'step': '封面分析', 'message': '✅ 封面分析成功', 'trending_analysis': {'trending': '0.75', 'emotion': '0.85', 'visual': '0.92', 'creativity': '0.80'}, 'script_content': ''}
2025-03-31 06:34:31,451 - INFO - 接收到的参数: video_title=我说呀, cover_comment=图中无标题文字。画面构图为一只猫咪仰卧，前爪上放着一张粉色纸币，表情夸张张嘴吐舌，显得非常可爱。色彩风格以暖色调为主，猫咪毛色为浅棕与白色相间，背景为白色带黑色图案的毛毯。吸睛元素是猫咪的表情和纸币的对比。整体感觉轻松幽默，充满趣味性。, category=知识, follower_count=123118, p_rating=16065.5, duration=37, trending=0.75, emotion=0.85, visual=0.92, creativity=0.8
2025-03-31 06:34:31,488 - INFO - 返回前端数据: {'step': '模型评估', 'message': '✅ 模型评估成功', 'predicted_play_count': 14349.707812499999, 'raw_regression': 9.389246940612793, 'post_processed': 14349.707812499999}
2025-03-31 15:51:37,900 - INFO - 接收到的视频标题: 1
2025-03-31 15:51:37,900 - INFO - 接收到的封面评论: 图中无标题文字。画面构图以卡通人物为主体，人物表情夸张愤怒，背景简单，突出人物情绪。色彩风格偏向鲜艳对比，黄色和粉色为主，吸睛元素为人物的愤怒表情和猫耳装饰。整体感觉活泼且充满戏剧性，传达强烈的情感冲击。
2025-03-31 15:51:37,900 - INFO - 接收到的视频文案: 
2025-03-31 15:51:38,047 - INFO - 趋势分析结果: trending=0.00, emotion=0.00, visual=0.00, creativity=0.00
2025-03-31 15:51:38,047 - INFO - 返回前端数据: {'step': '封面分析', 'message': '✅ 封面分析成功', 'trending_analysis': {'trending': '0.00', 'emotion': '0.00', 'visual': '0.00', 'creativity': '0.00'}, 'script_content': ''}
2025-03-31 15:51:38,358 - INFO - 接收到的参数: video_title=1, cover_comment=图中无标题文字。画面构图以卡通人物为主体，人物表情夸张愤怒，背景简单，突出人物情绪。色彩风格偏向鲜艳对比，黄色和粉色为主，吸睛元素为人物的愤怒表情和猫耳装饰。整体感觉活泼且充满戏剧性，传达强烈的情感冲击。, category=校园学习, follower_count=1, p_rating=1583.3333333333333, duration=55, trending=0.0, emotion=0.0, visual=0.0, creativity=0.0
2025-03-31 15:51:38,383 - INFO - 返回前端数据: {'step': '模型评估', 'message': '✅ 模型评估成功', 'predicted_play_count': 29.28902778625488, 'raw_regression': 3.5683398246765137, 'post_processed': 29.28902778625488}
2025-03-31 15:51:45,751 - INFO - 接收到的视频标题: 1
2025-03-31 15:51:45,751 - INFO - 接收到的封面评论: 图中无标题文字。画面构图以卡通人物为主体，人物表情夸张愤怒，背景简单，突出人物情绪。色彩风格偏向鲜艳对比，黄色和粉色为主，吸睛元素为人物的愤怒表情和猫耳装饰。整体感觉活泼且充满戏剧性，传达强烈的情感冲击。
2025-03-31 15:51:45,751 - INFO - 接收到的视频文案: 
2025-03-31 15:51:45,902 - INFO - 趋势分析结果: trending=0.00, emotion=0.00, visual=0.00, creativity=0.00
2025-03-31 15:51:45,902 - INFO - 返回前端数据: {'step': '封面分析', 'message': '✅ 封面分析成功', 'trending_analysis': {'trending': '0.00', 'emotion': '0.00', 'visual': '0.00', 'creativity': '0.00'}, 'script_content': ''}
2025-03-31 15:51:46,223 - INFO - 接收到的参数: video_title=1, cover_comment=图中无标题文字。画面构图以卡通人物为主体，人物表情夸张愤怒，背景简单，突出人物情绪。色彩风格偏向鲜艳对比，黄色和粉色为主，吸睛元素为人物的愤怒表情和猫耳装饰。整体感觉活泼且充满戏剧性，传达强烈的情感冲击。, category=校园学习, follower_count=1, p_rating=1583.3333333333333, duration=55, trending=0.0, emotion=0.0, visual=0.0, creativity=0.0
2025-03-31 15:51:46,245 - INFO - 返回前端数据: {'step': '模型评估', 'message': '✅ 模型评估成功', 'predicted_play_count': 29.28902778625488, 'raw_regression': 3.5683398246765137, 'post_processed': 29.28902778625488}
